<?xml version="1.0" encoding="UTF-8"?>
<!-- Generated by org.testng.reporters.JUnitXMLReporter -->
<testsuite ignored="0" hostname="MPuH-Nitro5" failures="3" tests="10" name="ISkillo_Search_Test" time="116.968" errors="0" timestamp="2023-02-19T14:13:20 EET">
  <testcase classname="SearchFieldTests" name="testFollowUserInSearchField" time="8.652">
    <failure type="java.lang.AssertionError" message="The user is not Followed! expected [Follow] but found [Unfollow]">
      <![CDATA[java.lang.AssertionError: The user is not Followed! expected [Follow] but found [Unfollow]
at SearchFieldTests.testFollowUserInSearchField(SearchFieldTests.java:101)
at java.base/java.util.ArrayList.forEach(ArrayList.java:1540)
at com.intellij.rt.testng.IDEARemoteTestNG.run(IDEARemoteTestNG.java:66)
at com.intellij.rt.testng.RemoteTestNGStarter.main(RemoteTestNGStarter.java:109)
... Removed 29 stack frames]]>
    </failure>
  </testcase> <!-- testFollowUserInSearchField -->
  <testcase classname="SearchFieldTests" name="testNoResultsFoundInSearchField" time="12.139">
    <failure type="java.lang.AssertionError" message="Users are found! expected [false] but found [true]">
      <![CDATA[java.lang.AssertionError: Users are found! expected [false] but found [true]
at SearchFieldTests.testNoResultsFoundInSearchField(SearchFieldTests.java:135)
at java.base/java.util.ArrayList.forEach(ArrayList.java:1540)
at com.intellij.rt.testng.IDEARemoteTestNG.run(IDEARemoteTestNG.java:66)
at com.intellij.rt.testng.RemoteTestNGStarter.main(RemoteTestNGStarter.java:109)
... Removed 27 stack frames]]>
    </failure>
  </testcase> <!-- testNoResultsFoundInSearchField -->
  <testcase classname="SearchFieldTests" name="testSearchFieldFindUserOnHomePage" time="8.514"/>
  <testcase classname="SearchFieldTests" name="testSearchFieldOnProfilePage" time="9.653"/>
  <testcase classname="SearchFieldTests" name="testShowAllUsersInSearchField" time="23.529"/>
  <testcase classname="SearchFieldTests" name="testUnFollowUserInSearchField" time="8.285">
    <skipped/>
  </testcase> <!-- testUnFollowUserInSearchField -->
  <testcase classname="SearchFieldTests" name="testUnFollowUserInSearchField" time="8.716">
    <skipped/>
  </testcase> <!-- testUnFollowUserInSearchField -->
  <testcase classname="SearchFieldTests" name="testUnFollowUserInSearchField" time="8.324">
    <skipped/>
  </testcase> <!-- testUnFollowUserInSearchField -->
  <testcase classname="SearchFieldTests" name="testUnFollowUserInSearchField" time="8.121">
    <failure type="java.lang.AssertionError" message="The user is not Unfollowed! expected [Follow] but found [Unfollow]">
      <![CDATA[java.lang.AssertionError: The user is not Unfollowed! expected [Follow] but found [Unfollow]
at SearchFieldTests.testUnFollowUserInSearchField(SearchFieldTests.java:121)
at java.base/java.util.ArrayList.forEach(ArrayList.java:1540)
at com.intellij.rt.testng.IDEARemoteTestNG.run(IDEARemoteTestNG.java:66)
at com.intellij.rt.testng.RemoteTestNGStarter.main(RemoteTestNGStarter.java:109)
... Removed 29 stack frames]]>
    </failure>
  </testcase> <!-- testUnFollowUserInSearchField -->
  <testcase classname="SearchFieldTests" name="testVisibilityOfSearchBarAfterLogin" time="1.609"/>
</testsuite> <!-- ISkillo_Search_Test -->
